TN:
SF:D:\workspace\boost\github\Orange-Boosted-Bootstrap-v4-stable\js\src\alert.js
FN:11,(anonymous_0)
FN:49,(anonymous_1)
FN:55,(anonymous_2)
FN:61,(anonymous_3)
FN:74,(anonymous_4)
FN:81,(anonymous_5)
FN:96,(anonymous_6)
FN:103,(anonymous_7)
FN:113,(anonymous_8)
FN:117,(anonymous_9)
FN:126,(anonymous_10)
FN:127,(anonymous_11)
FN:142,(anonymous_12)
FN:143,(anonymous_13)
FN:173,(anonymous_14)
FNF:15
FNH:12
FNDA:1,(anonymous_0)
FNDA:5,(anonymous_1)
FNDA:0,(anonymous_2)
FNDA:3,(anonymous_3)
FNDA:0,(anonymous_4)
FNDA:3,(anonymous_5)
FNDA:3,(anonymous_6)
FNDA:2,(anonymous_7)
FNDA:0,(anonymous_8)
FNDA:2,(anonymous_9)
FNDA:4,(anonymous_10)
FNDA:4,(anonymous_11)
FNDA:1,(anonymous_12)
FNDA:2,(anonymous_13)
FNDA:5,(anonymous_14)
DA:11,1
DA:18,1
DA:19,1
DA:20,1
DA:21,1
DA:22,1
DA:23,1
DA:24,1
DA:26,1
DA:30,1
DA:36,1
DA:50,5
DA:56,0
DA:62,3
DA:64,3
DA:65,3
DA:67,3
DA:68,1
DA:71,2
DA:75,0
DA:76,0
DA:82,3
DA:83,3
DA:85,3
DA:86,0
DA:89,3
DA:90,3
DA:93,3
DA:97,3
DA:99,3
DA:100,3
DA:104,2
DA:106,2
DA:108,2
DA:109,2
DA:112,0
DA:113,0
DA:118,2
DA:127,4
DA:128,4
DA:129,4
DA:131,4
DA:132,4
DA:133,4
DA:136,4
DA:137,1
DA:143,1
DA:144,2
DA:145,2
DA:148,2
DA:159,1
DA:171,1
DA:172,1
DA:173,1
DA:174,5
DA:175,5
DA:178,1
LF:57
LH:51
BRDA:62,0,0,3
BRDA:62,0,1,0
BRDA:67,1,0,1
BRDA:67,1,1,2
BRDA:85,2,0,0
BRDA:85,2,1,3
BRDA:89,3,0,3
BRDA:89,3,1,0
BRDA:106,4,0,2
BRDA:106,4,1,0
BRDA:106,5,0,2
BRDA:106,5,1,0
BRDA:131,6,0,4
BRDA:131,6,1,0
BRDA:136,7,0,1
BRDA:136,7,1,3
BRDA:144,8,0,2
BRDA:144,8,1,0
BRF:18
BRH:11
end_of_record
TN:
SF:D:\workspace\boost\github\Orange-Boosted-Bootstrap-v4-stable\js\src\button.js
FN:10,(anonymous_0)
FN:51,(anonymous_1)
FN:57,(anonymous_2)
FN:63,(anonymous_3)
FN:113,(anonymous_4)
FN:120,(anonymous_5)
FN:121,(anonymous_6)
FN:143,(anonymous_7)
FN:154,(anonymous_8)
FN:167,(anonymous_9)
FNF:10
FNH:1
FNDA:1,(anonymous_0)
FNDA:0,(anonymous_1)
FNDA:0,(anonymous_2)
FNDA:0,(anonymous_3)
FNDA:0,(anonymous_4)
FNDA:0,(anonymous_5)
FNDA:0,(anonymous_6)
FNDA:0,(anonymous_7)
FNDA:0,(anonymous_8)
FNDA:0,(anonymous_9)
DA:10,1
DA:17,1
DA:18,1
DA:19,1
DA:20,1
DA:21,1
DA:22,1
DA:24,1
DA:30,1
DA:38,1
DA:52,0
DA:58,0
DA:64,0
DA:65,0
DA:66,0
DA:70,0
DA:71,0
DA:73,0
DA:74,0
DA:75,0
DA:77,0
DA:79,0
DA:81,0
DA:82,0
DA:87,0
DA:88,0
DA:92,0
DA:94,0
DA:95,0
DA:98,0
DA:99,0
DA:103,0
DA:104,0
DA:108,0
DA:109,0
DA:114,0
DA:115,0
DA:121,0
DA:122,0
DA:124,0
DA:125,0
DA:126,0
DA:129,0
DA:130,0
DA:142,1
DA:144,0
DA:146,0
DA:148,0
DA:149,0
DA:152,0
DA:155,0
DA:156,0
DA:165,1
DA:166,1
DA:167,1
DA:168,0
DA:169,0
DA:172,1
LF:58
LH:15
BRDA:70,0,0,0
BRDA:70,0,1,0
BRDA:73,1,0,0
BRDA:73,1,1,0
BRDA:74,2,0,0
BRDA:74,2,1,0
BRDA:75,3,0,0
BRDA:75,3,1,0
BRDA:75,4,0,0
BRDA:75,4,1,0
BRDA:81,5,0,0
BRDA:81,5,1,0
BRDA:87,6,0,0
BRDA:87,6,1,0
BRDA:88,7,0,0
BRDA:88,7,1,0
BRDA:88,8,0,0
BRDA:88,8,1,0
BRDA:88,8,2,0
BRDA:88,8,3,0
BRDA:103,9,0,0
BRDA:103,9,1,0
BRDA:108,10,0,0
BRDA:108,10,1,0
BRDA:124,11,0,0
BRDA:124,11,1,0
BRDA:129,12,0,0
BRDA:129,12,1,0
BRDA:148,13,0,0
BRDA:148,13,1,0
BRF:30
BRH:0
end_of_record
TN:
SF:D:\workspace\boost\github\Orange-Boosted-Bootstrap-v4-stable\js\src\carousel.js
FN:11,(anonymous_0)
FN:91,(anonymous_1)
FN:110,(anonymous_2)
FN:114,(anonymous_3)
FN:120,(anonymous_4)
FN:126,(anonymous_5)
FN:135,(anonymous_6)
FN:141,(anonymous_7)
FN:156,(anonymous_8)
FN:174,(anonymous_9)
FN:184,(anonymous_10)
FN:201,(anonymous_11)
FN:217,(anonymous_12)
FN:226,(anonymous_13)
FN:229,(anonymous_14)
FN:234,(anonymous_15)
FN:235,(anonymous_16)
FN:244,(anonymous_17)
FN:249,(anonymous_18)
FN:255,(anonymous_19)
FN:273,(anonymous_20)
FN:278,(anonymous_21)
FN:297,(anonymous_22)
FN:312,(anonymous_23)
FN:328,(anonymous_24)
FN:390,(anonymous_25)
FN:399,(anonymous_26)
FN:417,(anonymous_27)
FN:418,(anonymous_28)
FN:453,(anonymous_29)
FN:495,(anonymous_30)
FN:496,(anonymous_31)
FN:510,(anonymous_32)
FNF:33
FNH:2
FNDA:1,(anonymous_0)
FNDA:0,(anonymous_1)
FNDA:0,(anonymous_2)
FNDA:0,(anonymous_3)
FNDA:0,(anonymous_4)
FNDA:0,(anonymous_5)
FNDA:0,(anonymous_6)
FNDA:0,(anonymous_7)
FNDA:0,(anonymous_8)
FNDA:0,(anonymous_9)
FNDA:0,(anonymous_10)
FNDA:0,(anonymous_11)
FNDA:0,(anonymous_12)
FNDA:0,(anonymous_13)
FNDA:0,(anonymous_14)
FNDA:0,(anonymous_15)
FNDA:0,(anonymous_16)
FNDA:0,(anonymous_17)
FNDA:0,(anonymous_18)
FNDA:0,(anonymous_19)
FNDA:0,(anonymous_20)
FNDA:0,(anonymous_21)
FNDA:0,(anonymous_22)
FNDA:0,(anonymous_23)
FNDA:0,(anonymous_24)
FNDA:0,(anonymous_25)
FNDA:0,(anonymous_26)
FNDA:0,(anonymous_27)
FNDA:0,(anonymous_28)
FNDA:0,(anonymous_29)
FNDA:1,(anonymous_30)
FNDA:0,(anonymous_31)
FNDA:0,(anonymous_32)
DA:11,1
DA:18,1
DA:19,1
DA:20,1
DA:21,1
DA:22,1
DA:23,1
DA:24,1
DA:25,1
DA:26,1
DA:27,1
DA:29,1
DA:37,1
DA:45,1
DA:52,1
DA:63,1
DA:74,1
DA:92,0
DA:93,0
DA:94,0
DA:96,0
DA:97,0
DA:99,0
DA:101,0
DA:102,0
DA:103,0
DA:105,0
DA:111,0
DA:115,0
DA:121,0
DA:122,0
DA:129,0
DA:131,0
DA:136,0
DA:137,0
DA:142,0
DA:143,0
DA:146,0
DA:148,0
DA:149,0
DA:152,0
DA:153,0
DA:157,0
DA:158,0
DA:161,0
DA:162,0
DA:163,0
DA:166,0
DA:167,0
DA:175,0
DA:177,0
DA:179,0
DA:180,0
DA:183,0
DA:184,0
DA:185,0
DA:188,0
DA:189,0
DA:190,0
DA:191,0
DA:194,0
DA:198,0
DA:202,0
DA:203,0
DA:205,0
DA:206,0
DA:207,0
DA:208,0
DA:209,0
DA:210,0
DA:211,0
DA:212,0
DA:218,0
DA:222,0
DA:223,0
DA:227,0
DA:228,0
DA:229,0
DA:232,0
DA:233,0
DA:234,0
DA:235,0
DA:236,0
DA:244,0
DA:245,0
DA:246,0
DA:247,0
DA:249,0
DA:256,0
DA:257,0
DA:260,0
DA:262,0
DA:263,0
DA:264,0
DA:266,0
DA:267,0
DA:268,0
DA:274,0
DA:275,0
DA:279,0
DA:280,0
DA:281,0
DA:282,0
DA:283,0
DA:286,0
DA:287,0
DA:290,0
DA:291,0
DA:293,0
DA:298,0
DA:299,0
DA:300,0
DA:307,0
DA:309,0
DA:313,0
DA:314,0
DA:318,0
DA:322,0
DA:323,0
DA:329,0
DA:330,0
DA:331,0
DA:333,0
DA:334,0
DA:340,0
DA:341,0
DA:342,0
DA:343,0
DA:345,0
DA:346,0
DA:347,0
DA:350,0
DA:351,0
DA:352,0
DA:355,0
DA:356,0
DA:357,0
DA:360,0
DA:362,0
DA:365,0
DA:367,0
DA:368,0
DA:371,0
DA:373,0
DA:380,0
DA:382,0
DA:384,0
DA:386,0
DA:387,0
DA:389,0
DA:391,0
DA:395,0
DA:397,0
DA:399,0
DA:403,0
DA:404,0
DA:406,0
DA:407,0
DA:410,0
DA:411,0
DA:418,0
DA:419,0
DA:420,0
DA:425,0
DA:426,0
DA:432,0
DA:434,0
DA:435,0
DA:436,0
DA:439,0
DA:440,0
DA:441,0
DA:442,0
DA:443,0
DA:445,0
DA:446,0
DA:447,0
DA:448,0
DA:454,0
DA:456,0
DA:457,0
DA:460,0
DA:462,0
DA:463,0
DA:466,0
DA:470,0
DA:472,0
DA:473,0
DA:476,0
DA:478,0
DA:479,0
DA:482,0
DA:492,1
DA:495,1
DA:496,1
DA:497,0
DA:498,0
DA:508,1
DA:509,1
DA:510,1
DA:511,0
DA:512,0
DA:515,1
LF:203
LH:24
BRDA:121,0,0,0
BRDA:121,0,1,0
BRDA:129,1,0,0
BRDA:129,1,1,0
BRDA:129,2,0,0
BRDA:129,2,1,0
BRDA:129,2,2,0
BRDA:136,3,0,0
BRDA:136,3,1,0
BRDA:142,4,0,0
BRDA:142,4,1,0
BRDA:146,5,0,0
BRDA:146,5,1,0
BRDA:146,6,0,0
BRDA:146,6,1,0
BRDA:157,7,0,0
BRDA:157,7,1,0
BRDA:161,8,0,0
BRDA:161,8,1,0
BRDA:166,9,0,0
BRDA:166,9,1,0
BRDA:166,10,0,0
BRDA:166,10,1,0
BRDA:168,11,0,0
BRDA:168,11,1,0
BRDA:179,12,0,0
BRDA:179,12,1,0
BRDA:179,13,0,0
BRDA:179,13,1,0
BRDA:183,14,0,0
BRDA:183,14,1,0
BRDA:188,15,0,0
BRDA:188,15,1,0
BRDA:194,16,0,0
BRDA:194,16,1,0
BRDA:227,17,0,0
BRDA:227,17,1,0
BRDA:232,18,0,0
BRDA:232,18,1,0
BRDA:236,19,0,0
BRDA:236,19,1,0
BRDA:246,20,0,0
BRDA:246,20,1,0
BRDA:256,21,0,0
BRDA:256,21,1,0
BRDA:260,22,0,0
BRDA:260,22,1,0
BRDA:260,22,2,0
BRDA:283,23,0,0
BRDA:283,23,1,0
BRDA:283,23,2,0
BRDA:283,23,3,0
BRDA:286,24,0,0
BRDA:286,24,1,0
BRDA:286,25,0,0
BRDA:286,25,1,0
BRDA:290,26,0,0
BRDA:290,26,1,0
BRDA:293,27,0,0
BRDA:293,27,1,0
BRDA:313,28,0,0
BRDA:313,28,1,0
BRDA:322,29,0,0
BRDA:322,29,1,0
BRDA:331,30,0,0
BRDA:331,30,1,0
BRDA:331,30,2,0
BRDA:340,31,0,0
BRDA:340,31,1,0
BRDA:350,32,0,0
BRDA:350,32,1,0
BRDA:350,33,0,0
BRDA:350,33,1,0
BRDA:356,34,0,0
BRDA:356,34,1,0
BRDA:360,35,0,0
BRDA:360,35,1,0
BRDA:360,36,0,0
BRDA:360,36,1,0
BRDA:367,37,0,0
BRDA:367,37,1,0
BRDA:380,38,0,0
BRDA:380,38,1,0
BRDA:380,39,0,0
BRDA:380,39,1,0
BRDA:410,40,0,0
BRDA:410,40,1,0
BRDA:425,41,0,0
BRDA:425,41,1,0
BRDA:432,42,0,0
BRDA:432,42,1,0
BRDA:434,43,0,0
BRDA:434,43,1,0
BRDA:439,44,0,0
BRDA:439,44,1,0
BRDA:441,45,0,0
BRDA:441,45,1,0
BRDA:442,46,0,0
BRDA:442,46,1,0
BRDA:446,47,0,0
BRDA:446,47,1,0
BRDA:456,48,0,0
BRDA:456,48,1,0
BRDA:462,49,0,0
BRDA:462,49,1,0
BRDA:462,50,0,0
BRDA:462,50,1,0
BRDA:472,51,0,0
BRDA:472,51,1,0
BRDA:478,52,0,0
BRDA:478,52,1,0
BRF:111
BRH:0
end_of_record
TN:
SF:D:\workspace\boost\github\Orange-Boosted-Bootstrap-v4-stable\js\src\collapse.js
FN:11,(anonymous_0)
FN:68,(anonymous_1)
FN:99,(anonymous_2)
FN:103,(anonymous_3)
FN:109,(anonymous_4)
FN:117,(anonymous_5)
FN:174,(anonymous_6)
FN:202,(anonymous_7)
FN:243,(anonymous_8)
FN:263,(anonymous_9)
FN:267,(anonymous_10)
FN:279,(anonymous_11)
FN:289,(anonymous_12)
FN:294,(anonymous_13)
FN:310,(anonymous_14)
FN:320,(anonymous_15)
FN:335,(anonymous_16)
FN:340,(anonymous_17)
FN:341,(anonymous_18)
FN:381,(anonymous_19)
FN:389,(anonymous_20)
FN:397,(anonymous_21)
FN:398,(anonymous_22)
FN:414,(anonymous_23)
FNF:24
FNH:2
FNDA:1,(anonymous_0)
FNDA:0,(anonymous_1)
FNDA:0,(anonymous_2)
FNDA:0,(anonymous_3)
FNDA:0,(anonymous_4)
FNDA:0,(anonymous_5)
FNDA:0,(anonymous_6)
FNDA:0,(anonymous_7)
FNDA:0,(anonymous_8)
FNDA:0,(anonymous_9)
FNDA:0,(anonymous_10)
FNDA:0,(anonymous_11)
FNDA:0,(anonymous_12)
FNDA:0,(anonymous_13)
FNDA:0,(anonymous_14)
FNDA:0,(anonymous_15)
FNDA:0,(anonymous_16)
FNDA:0,(anonymous_17)
FNDA:0,(anonymous_18)
FNDA:0,(anonymous_19)
FNDA:0,(anonymous_20)
FNDA:1,(anonymous_21)
FNDA:0,(anonymous_22)
FNDA:0,(anonymous_23)
DA:11,1
DA:18,1
DA:19,1
DA:20,1
DA:21,1
DA:22,1
DA:23,1
DA:24,1
DA:26,1
DA:31,1
DA:36,1
DA:44,1
DA:51,1
DA:56,1
DA:69,0
DA:70,0
DA:71,0
DA:72,0
DA:76,0
DA:77,0
DA:78,0
DA:79,0
DA:80,0
DA:81,0
DA:82,0
DA:86,0
DA:88,0
DA:89,0
DA:92,0
DA:93,0
DA:100,0
DA:104,0
DA:110,0
DA:111,0
DA:113,0
DA:118,0
DA:120,0
DA:126,0
DA:127,0
DA:132,0
DA:133,0
DA:137,0
DA:138,0
DA:139,0
DA:140,0
DA:144,0
DA:145,0
DA:146,0
DA:147,0
DA:150,0
DA:151,0
DA:152,0
DA:153,0
DA:157,0
DA:159,0
DA:163,0
DA:164,0
DA:166,0
DA:167,0
DA:172,0
DA:174,0
DA:175,0
DA:180,0
DA:182,0
DA:184,0
DA:187,0
DA:188,0
DA:189,0
DA:192,0
DA:193,0
DA:195,0
DA:199,0
DA:203,0
DA:205,0
DA:208,0
DA:209,0
DA:210,0
DA:211,0
DA:214,0
DA:216,0
DA:218,0
DA:220,0
DA:225,0
DA:227,0
DA:228,0
DA:229,0
DA:230,0
DA:231,0
DA:232,0
DA:233,0
DA:234,0
DA:241,0
DA:243,0
DA:244,0
DA:245,0
DA:251,0
DA:253,0
DA:254,0
DA:255,0
DA:258,0
DA:264,0
DA:268,0
DA:270,0
DA:271,0
DA:272,0
DA:273,0
DA:274,0
DA:280,0
DA:284,0
DA:285,0
DA:286,0
DA:290,0
DA:291,0
DA:295,0
DA:296,0
DA:297,0
DA:300,0
DA:301,0
DA:304,0
DA:308,0
DA:310,0
DA:311,0
DA:317,0
DA:321,0
DA:322,0
DA:323,0
DA:325,0
DA:326,0
DA:336,0
DA:337,0
DA:341,0
DA:342,0
DA:343,0
DA:344,0
DA:350,0
DA:351,0
DA:354,0
DA:355,0
DA:356,0
DA:360,0
DA:361,0
DA:365,0
DA:366,0
DA:367,0
DA:369,0
DA:381,1
DA:383,0
DA:384,0
DA:387,0
DA:388,0
DA:389,0
DA:390,0
DA:391,0
DA:392,0
DA:393,0
DA:398,1
DA:399,0
DA:401,0
DA:412,1
DA:413,1
DA:414,1
DA:415,0
DA:416,0
DA:419,1
LF:164
LH:20
BRDA:80,0,0,0
BRDA:80,0,1,0
BRDA:80,1,0,0
BRDA:80,1,1,0
BRDA:86,2,0,0
BRDA:86,2,1,0
BRDA:88,3,0,0
BRDA:88,3,1,0
BRDA:92,4,0,0
BRDA:92,4,1,0
BRDA:110,5,0,0
BRDA:110,5,1,0
BRDA:118,6,0,0
BRDA:118,6,1,0
BRDA:118,7,0,0
BRDA:118,7,1,0
BRDA:126,8,0,0
BRDA:126,8,1,0
BRDA:132,9,0,0
BRDA:132,9,1,0
BRDA:137,10,0,0
BRDA:137,10,1,0
BRDA:139,11,0,0
BRDA:139,11,1,0
BRDA:139,12,0,0
BRDA:139,12,1,0
BRDA:146,13,0,0
BRDA:146,13,1,0
BRDA:150,14,0,0
BRDA:150,14,1,0
BRDA:152,15,0,0
BRDA:152,15,1,0
BRDA:166,16,0,0
BRDA:166,16,1,0
BRDA:187,17,0,0
BRDA:187,17,1,0
BRDA:203,18,0,0
BRDA:203,18,1,0
BRDA:203,19,0,0
BRDA:203,19,1,0
BRDA:210,20,0,0
BRDA:210,20,1,0
BRDA:227,21,0,0
BRDA:227,21,1,0
BRDA:231,22,0,0
BRDA:231,22,1,0
BRDA:233,23,0,0
BRDA:233,23,1,0
BRDA:253,24,0,0
BRDA:253,24,1,0
BRDA:291,25,0,0
BRDA:291,25,1,0
BRDA:296,26,0,0
BRDA:296,26,1,0
BRDA:300,27,0,0
BRDA:300,27,1,0
BRDA:321,28,0,0
BRDA:321,28,1,0
BRDA:325,29,0,0
BRDA:325,29,1,0
BRDA:337,30,0,0
BRDA:337,30,1,0
BRDA:347,31,0,0
BRDA:347,31,1,0
BRDA:350,32,0,0
BRDA:350,32,1,0
BRDA:350,33,0,0
BRDA:350,33,1,0
BRDA:350,33,2,0
BRDA:354,34,0,0
BRDA:354,34,1,0
BRDA:360,35,0,0
BRDA:360,35,1,0
BRDA:365,36,0,0
BRDA:365,36,1,0
BRDA:366,37,0,0
BRDA:366,37,1,0
BRDA:383,38,0,0
BRDA:383,38,1,0
BRDA:392,39,0,0
BRDA:392,39,1,0
BRF:81
BRH:0
end_of_record
TN:
SF:D:\workspace\boost\github\Orange-Boosted-Bootstrap-v4-stable\js\src\dropdown.js
FN:12,(anonymous_0)
FN:97,(anonymous_1)
FN:110,(anonymous_2)
FN:114,(anonymous_3)
FN:118,(anonymous_4)
FN:124,(anonymous_5)
FN:201,(anonymous_6)
FN:212,(anonymous_7)
FN:221,(anonymous_8)
FN:222,(anonymous_9)
FN:229,(anonymous_10)
FN:245,(anonymous_11)
FN:253,(anonymous_12)
FN:273,(anonymous_13)
FN:277,(anonymous_14)
FN:280,(anonymous_15)
FN:313,(anonymous_16)
FN:324,(anonymous_17)
FN:325,(anonymous_18)
FN:349,(anonymous_19)
FN:399,(anonymous_20)
FN:411,(anonymous_21)
FN:481,(anonymous_22)
FN:486,(anonymous_23)
FN:490,(anonymous_24)
FN:504,(anonymous_25)
FNF:26
FNH:4
FNDA:1,(anonymous_0)
FNDA:0,(anonymous_1)
FNDA:0,(anonymous_2)
FNDA:0,(anonymous_3)
FNDA:0,(anonymous_4)
FNDA:0,(anonymous_5)
FNDA:0,(anonymous_6)
FNDA:0,(anonymous_7)
FNDA:0,(anonymous_8)
FNDA:0,(anonymous_9)
FNDA:0,(anonymous_10)
FNDA:0,(anonymous_11)
FNDA:0,(anonymous_12)
FNDA:0,(anonymous_13)
FNDA:0,(anonymous_14)
FNDA:0,(anonymous_15)
FNDA:0,(anonymous_16)
FNDA:1,(anonymous_17)
FNDA:0,(anonymous_18)
FNDA:2,(anonymous_19)
FNDA:0,(anonymous_20)
FNDA:0,(anonymous_21)
FNDA:0,(anonymous_22)
FNDA:0,(anonymous_23)
FNDA:1,(anonymous_24)
FNDA:0,(anonymous_25)
DA:12,1
DA:19,1
DA:20,1
DA:21,1
DA:22,1
DA:23,1
DA:24,1
DA:25,1
DA:26,1
DA:27,1
DA:28,1
DA:29,1
DA:30,1
DA:31,1
DA:33,1
DA:44,1
DA:55,1
DA:67,1
DA:78,1
DA:84,1
DA:98,0
DA:99,0
DA:100,0
DA:101,0
DA:102,0
DA:104,0
DA:105,0
DA:111,0
DA:115,0
DA:119,0
DA:125,0
DA:126,0
DA:129,0
DA:130,0
DA:132,0
DA:134,0
DA:135,0
DA:138,0
DA:141,0
DA:143,0
DA:145,0
DA:146,0
DA:150,0
DA:155,0
DA:156,0
DA:158,0
DA:160,0
DA:161,0
DA:162,0
DA:163,0
DA:166,0
DA:167,0
DA:173,0
DA:174,0
DA:176,0
DA:183,0
DA:185,0
DA:188,0
DA:189,0
DA:191,0
DA:192,0
DA:197,0
DA:202,0
DA:203,0
DA:204,0
DA:205,0
DA:206,0
DA:207,0
DA:208,0
DA:213,0
DA:214,0
DA:215,0
DA:222,0
DA:223,0
DA:224,0
DA:225,0
DA:230,0
DA:236,0
DA:242,0
DA:246,0
DA:247,0
DA:248,0
DA:250,0
DA:254,0
DA:255,0
DA:258,0
DA:259,0
DA:260,0
DA:261,0
DA:263,0
DA:264,0
DA:265,0
DA:266,0
DA:267,0
DA:268,0
DA:270,0
DA:274,0
DA:278,0
DA:279,0
DA:280,0
DA:281,0
DA:285,0
DA:288,0
DA:290,0
DA:304,0
DA:305,0
DA:309,0
DA:314,0
DA:316,0
DA:318,0
DA:325,1
DA:326,0
DA:327,0
DA:329,0
DA:330,0
DA:331,0
DA:335,0
DA:336,0
DA:340,0
DA:341,0
DA:342,0
DA:344,0
DA:350,2
DA:352,0
DA:355,2
DA:356,2
DA:357,0
DA:358,0
DA:359,0
DA:363,0
DA:364,0
DA:367,0
DA:368,0
DA:369,0
DA:372,0
DA:375,0
DA:378,0
DA:379,0
DA:380,0
DA:381,0
DA:386,0
DA:387,0
DA:390,0
DA:392,0
DA:393,0
DA:401,0
DA:403,0
DA:404,0
DA:407,0
DA:419,0
DA:423,0
DA:426,0
DA:427,0
DA:429,0
DA:430,0
DA:433,0
DA:434,0
DA:436,0
DA:438,0
DA:439,0
DA:440,0
DA:443,0
DA:444,0
DA:447,0
DA:449,0
DA:450,0
DA:453,0
DA:455,0
DA:456,0
DA:459,0
DA:460,0
DA:463,0
DA:464,0
DA:467,0
DA:477,1
DA:482,0
DA:483,0
DA:484,0
DA:487,0
DA:492,1
DA:502,1
DA:503,1
DA:504,1
DA:505,0
DA:506,0
DA:509,1
LF:186
LH:30
BRDA:125,0,0,0
BRDA:125,0,1,0
BRDA:125,1,0,0
BRDA:125,1,1,0
BRDA:134,2,0,0
BRDA:134,2,1,0
BRDA:145,3,0,0
BRDA:145,3,1,0
BRDA:150,4,0,0
BRDA:150,4,1,0
BRDA:155,5,0,0
BRDA:155,5,1,0
BRDA:160,6,0,0
BRDA:160,6,1,0
BRDA:162,7,0,0
BRDA:162,7,1,0
BRDA:166,8,0,0
BRDA:166,8,1,0
BRDA:173,9,0,0
BRDA:173,9,1,0
BRDA:183,10,0,0
BRDA:183,10,1,0
BRDA:183,11,0,0
BRDA:183,11,1,0
BRDA:206,12,0,0
BRDA:206,12,1,0
BRDA:214,13,0,0
BRDA:214,13,1,0
BRDA:246,14,0,0
BRDA:246,14,1,0
BRDA:258,15,0,0
BRDA:258,15,1,0
BRDA:260,16,0,0
BRDA:260,16,1,0
BRDA:263,17,0,0
BRDA:263,17,1,0
BRDA:265,18,0,0
BRDA:265,18,1,0
BRDA:267,19,0,0
BRDA:267,19,1,0
BRDA:279,20,0,0
BRDA:279,20,1,0
BRDA:283,21,0,0
BRDA:283,21,1,0
BRDA:304,22,0,0
BRDA:304,22,1,0
BRDA:327,23,0,0
BRDA:327,23,1,0
BRDA:329,24,0,0
BRDA:329,24,1,0
BRDA:335,25,0,0
BRDA:335,25,1,0
BRDA:340,26,0,0
BRDA:340,26,1,0
BRDA:341,27,0,0
BRDA:341,27,1,0
BRDA:350,28,0,0
BRDA:350,28,1,2
BRDA:350,29,0,2
BRDA:350,29,1,2
BRDA:350,29,2,2
BRDA:350,29,3,0
BRDA:363,30,0,0
BRDA:363,30,1,0
BRDA:368,31,0,0
BRDA:368,31,1,0
BRDA:372,32,0,0
BRDA:372,32,1,0
BRDA:372,33,0,0
BRDA:372,33,1,0
BRDA:372,33,2,0
BRDA:372,33,3,0
BRDA:372,33,4,0
BRDA:372,33,5,0
BRDA:380,34,0,0
BRDA:380,34,1,0
BRDA:386,35,0,0
BRDA:386,35,1,0
BRDA:403,36,0,0
BRDA:403,36,1,0
BRDA:407,37,0,0
BRDA:407,37,1,0
BRDA:419,38,0,0
BRDA:419,38,1,0
BRDA:419,39,0,0
BRDA:419,39,1,0
BRDA:420,40,0,0
BRDA:420,40,1,0
BRDA:420,40,2,0
BRDA:420,40,3,0
BRDA:420,40,4,0
BRDA:429,41,0,0
BRDA:429,41,1,0
BRDA:429,42,0,0
BRDA:429,42,1,0
BRDA:436,43,0,0
BRDA:436,43,1,0
BRDA:436,44,0,0
BRDA:436,44,1,0
BRDA:436,44,2,0
BRDA:436,44,3,0
BRDA:436,44,4,0
BRDA:436,44,5,0
BRDA:438,45,0,0
BRDA:438,45,1,0
BRDA:449,46,0,0
BRDA:449,46,1,0
BRDA:455,47,0,0
BRDA:455,47,1,0
BRDA:455,48,0,0
BRDA:455,48,1,0
BRDA:459,49,0,0
BRDA:459,49,1,0
BRDA:459,50,0,0
BRDA:459,50,1,0
BRDA:463,51,0,0
BRDA:463,51,1,0
BRF:117
BRH:4
end_of_record
TN:
SF:D:\workspace\boost\github\Orange-Boosted-Bootstrap-v4-stable\js\src\modal.js
FN:11,(anonymous_0)
FN:78,(anonymous_1)
FN:96,(anonymous_2)
FN:100,(anonymous_3)
FN:106,(anonymous_4)
FN:110,(anonymous_5)
FN:144,(anonymous_6)
FN:147,(anonymous_7)
FN:148,(anonymous_8)
FN:155,(anonymous_9)
FN:158,(anonymous_10)
FN:197,(anonymous_11)
FN:204,(anonymous_12)
FN:219,(anonymous_13)
FN:225,(anonymous_14)
FN:234,(anonymous_15)
FN:261,(anonymous_16)
FN:280,(anonymous_17)
FN:283,(anonymous_18)
FN:292,(anonymous_19)
FN:294,(anonymous_20)
FN:305,(anonymous_21)
FN:307,(anonymous_22)
FN:313,(anonymous_23)
FN:317,(anonymous_24)
FN:325,(anonymous_25)
FN:332,(anonymous_26)
FN:346,(anonymous_27)
FN:384,(anonymous_28)
FN:410,(anonymous_29)
FN:423,(anonymous_30)
FN:428,(anonymous_31)
FN:434,(anonymous_32)
FN:440,(anonymous_33)
FN:447,(anonymous_34)
FN:454,(anonymous_35)
FN:467,(anonymous_36)
FN:469,(anonymous_37)
FN:477,(anonymous_38)
FN:491,(anonymous_39)
FN:501,(anonymous_40)
FN:528,(anonymous_41)
FN:529,(anonymous_42)
FN:560,(anonymous_43)
FN:578,(anonymous_44)
FN:584,(anonymous_45)
FN:602,(anonymous_46)
FNF:47
FNH:1
FNDA:1,(anonymous_0)
FNDA:0,(anonymous_1)
FNDA:0,(anonymous_2)
FNDA:0,(anonymous_3)
FNDA:0,(anonymous_4)
FNDA:0,(anonymous_5)
FNDA:0,(anonymous_6)
FNDA:0,(anonymous_7)
FNDA:0,(anonymous_8)
FNDA:0,(anonymous_9)
FNDA:0,(anonymous_10)
FNDA:0,(anonymous_11)
FNDA:0,(anonymous_12)
FNDA:0,(anonymous_13)
FNDA:0,(anonymous_14)
FNDA:0,(anonymous_15)
FNDA:0,(anonymous_16)
FNDA:0,(anonymous_17)
FNDA:0,(anonymous_18)
FNDA:0,(anonymous_19)
FNDA:0,(anonymous_20)
FNDA:0,(anonymous_21)
FNDA:0,(anonymous_22)
FNDA:0,(anonymous_23)
FNDA:0,(anonymous_24)
FNDA:0,(anonymous_25)
FNDA:0,(anonymous_26)
FNDA:0,(anonymous_27)
FNDA:0,(anonymous_28)
FNDA:0,(anonymous_29)
FNDA:0,(anonymous_30)
FNDA:0,(anonymous_31)
FNDA:0,(anonymous_32)
FNDA:0,(anonymous_33)
FNDA:0,(anonymous_34)
FNDA:0,(anonymous_35)
FNDA:0,(anonymous_36)
FNDA:0,(anonymous_37)
FNDA:0,(anonymous_38)
FNDA:0,(anonymous_39)
FNDA:0,(anonymous_40)
FNDA:0,(anonymous_41)
FNDA:0,(anonymous_42)
FNDA:0,(anonymous_43)
FNDA:0,(anonymous_44)
FNDA:0,(anonymous_45)
FNDA:0,(anonymous_46)
DA:11,1
DA:18,1
DA:19,1
DA:20,1
DA:21,1
DA:22,1
DA:23,1
DA:24,1
DA:26,1
DA:33,1
DA:40,1
DA:54,1
DA:62,1
DA:79,0
DA:80,0
DA:81,0
DA:82,0
DA:83,0
DA:84,0
DA:85,0
DA:86,0
DA:87,0
DA:90,0
DA:97,0
DA:101,0
DA:107,0
DA:111,0
DA:112,0
DA:115,0
DA:116,0
DA:119,0
DA:123,0
DA:125,0
DA:126,0
DA:129,0
DA:131,0
DA:132,0
DA:134,0
DA:136,0
DA:138,0
DA:139,0
DA:141,0
DA:144,0
DA:147,0
DA:148,0
DA:149,0
DA:150,0
DA:155,0
DA:159,0
DA:160,0
DA:163,0
DA:164,0
DA:167,0
DA:169,0
DA:171,0
DA:172,0
DA:175,0
DA:177,0
DA:179,0
DA:180,0
DA:183,0
DA:184,0
DA:186,0
DA:188,0
DA:190,0
DA:191,0
DA:193,0
DA:194,0
DA:196,0
DA:197,0
DA:200,0
DA:205,0
DA:207,0
DA:209,0
DA:210,0
DA:211,0
DA:212,0
DA:213,0
DA:214,0
DA:215,0
DA:216,0
DA:220,0
DA:226,0
DA:230,0
DA:231,0
DA:235,0
DA:237,0
DA:240,0
DA:243,0
DA:244,0
DA:245,0
DA:247,0
DA:248,0
DA:251,0
DA:253,0
DA:254,0
DA:257,0
DA:261,0
DA:262,0
DA:263,0
DA:265,0
DA:266,0
DA:269,0
DA:270,0
DA:272,0
DA:276,0
DA:281,0
DA:284,0
DA:287,0
DA:293,0
DA:294,0
DA:295,0
DA:296,0
DA:297,0
DA:300,0
DA:301,0
DA:306,0
DA:307,0
DA:309,0
DA:314,0
DA:315,0
DA:316,0
DA:317,0
DA:318,0
DA:319,0
DA:320,0
DA:321,0
DA:326,0
DA:327,0
DA:328,0
DA:333,0
DA:336,0
DA:337,0
DA:338,0
DA:340,0
DA:341,0
DA:344,0
DA:346,0
DA:347,0
DA:348,0
DA:349,0
DA:351,0
DA:352,0
DA:354,0
DA:355,0
DA:357,0
DA:361,0
DA:362,0
DA:365,0
DA:367,0
DA:368,0
DA:371,0
DA:372,0
DA:373,0
DA:376,0
DA:378,0
DA:381,0
DA:382,0
DA:384,0
DA:385,0
DA:386,0
DA:387,0
DA:391,0
DA:392,0
DA:394,0
DA:398,0
DA:400,0
DA:401,0
DA:412,0
DA:414,0
DA:415,0
DA:418,0
DA:419,0
DA:424,0
DA:425,0
DA:429,0
DA:430,0
DA:431,0
DA:435,0
DA:440,0
DA:441,0
DA:442,0
DA:443,0
DA:447,0
DA:448,0
DA:449,0
DA:450,0
DA:454,0
DA:455,0
DA:456,0
DA:457,0
DA:461,0
DA:462,0
DA:463,0
DA:469,0
DA:470,0
DA:471,0
DA:472,0
DA:477,0
DA:478,0
DA:479,0
DA:480,0
DA:485,0
DA:486,0
DA:487,0
DA:492,0
DA:493,0
DA:494,0
DA:495,0
DA:496,0
DA:497,0
DA:502,0
DA:503,0
DA:504,0
DA:506,0
DA:511,0
DA:512,0
DA:513,0
DA:514,0
DA:520,0
DA:521,0
DA:529,0
DA:530,0
DA:531,0
DA:537,0
DA:538,0
DA:539,0
DA:542,0
DA:543,0
DA:544,0
DA:546,0
DA:547,0
DA:548,0
DA:560,1
DA:562,0
DA:564,0
DA:565,0
DA:568,0
DA:574,0
DA:575,0
DA:578,0
DA:579,0
DA:581,0
DA:584,0
DA:585,0
DA:586,0
DA:591,0
DA:600,1
DA:601,1
DA:602,1
DA:603,0
DA:604,0
DA:607,1
LF:253
LH:18
BRDA:107,0,0,0
BRDA:107,0,1,0
BRDA:111,1,0,0
BRDA:111,1,1,0
BRDA:111,2,0,0
BRDA:111,2,1,0
BRDA:115,3,0,0
BRDA:115,3,1,0
BRDA:115,4,0,0
BRDA:115,4,1,0
BRDA:125,5,0,0
BRDA:125,5,1,0
BRDA:125,6,0,0
BRDA:125,6,1,0
BRDA:149,7,0,0
BRDA:149,7,1,0
BRDA:159,8,0,0
BRDA:159,8,1,0
BRDA:163,9,0,0
BRDA:163,9,1,0
BRDA:163,10,0,0
BRDA:163,10,1,0
BRDA:171,11,0,0
BRDA:171,11,1,0
BRDA:171,12,0,0
BRDA:171,12,1,0
BRDA:179,13,0,0
BRDA:179,13,1,0
BRDA:193,14,0,0
BRDA:193,14,1,0
BRDA:237,15,0,0
BRDA:237,15,1,0
BRDA:237,16,0,0
BRDA:237,16,1,0
BRDA:247,17,0,0
BRDA:247,17,1,0
BRDA:253,18,0,0
BRDA:253,18,1,0
BRDA:262,19,0,0
BRDA:262,19,1,0
BRDA:269,20,0,0
BRDA:269,20,1,0
BRDA:284,21,0,0
BRDA:284,21,1,0
BRDA:284,22,0,0
BRDA:284,22,1,0
BRDA:284,22,2,0
BRDA:293,23,0,0
BRDA:293,23,1,0
BRDA:293,24,0,0
BRDA:293,24,1,0
BRDA:295,25,0,0
BRDA:295,25,1,0
BRDA:300,26,0,0
BRDA:300,26,1,0
BRDA:306,27,0,0
BRDA:306,27,1,0
BRDA:326,28,0,0
BRDA:326,28,1,0
BRDA:333,29,0,0
BRDA:333,29,1,0
BRDA:336,30,0,0
BRDA:336,30,1,0
BRDA:336,31,0,0
BRDA:336,31,1,0
BRDA:340,32,0,0
BRDA:340,32,1,0
BRDA:347,33,0,0
BRDA:347,33,1,0
BRDA:351,34,0,0
BRDA:351,34,1,0
BRDA:354,35,0,0
BRDA:354,35,1,0
BRDA:361,36,0,0
BRDA:361,36,1,0
BRDA:367,37,0,0
BRDA:367,37,1,0
BRDA:371,38,0,0
BRDA:371,38,1,0
BRDA:381,39,0,0
BRDA:381,39,1,0
BRDA:381,40,0,0
BRDA:381,40,1,0
BRDA:386,41,0,0
BRDA:386,41,1,0
BRDA:391,42,0,0
BRDA:391,42,1,0
BRDA:400,43,0,0
BRDA:400,43,1,0
BRDA:414,44,0,0
BRDA:414,44,1,0
BRDA:414,45,0,0
BRDA:414,45,1,0
BRDA:418,46,0,0
BRDA:418,46,1,0
BRDA:418,47,0,0
BRDA:418,47,1,0
BRDA:435,48,0,0
BRDA:435,48,1,0
BRDA:471,49,0,0
BRDA:471,49,1,0
BRDA:479,50,0,0
BRDA:479,50,1,0
BRDA:486,51,0,0
BRDA:486,51,1,0
BRDA:511,52,0,0
BRDA:511,52,1,0
BRDA:513,53,0,0
BRDA:513,53,1,0
BRDA:520,54,0,0
BRDA:520,54,1,0
BRDA:534,55,0,0
BRDA:534,55,1,0
BRDA:537,56,0,0
BRDA:537,56,1,0
BRDA:542,57,0,0
BRDA:542,57,1,0
BRDA:543,58,0,0
BRDA:543,58,1,0
BRDA:547,59,0,0
BRDA:547,59,1,0
BRDA:564,60,0,0
BRDA:564,60,1,0
BRDA:568,61,0,0
BRDA:568,61,1,0
BRDA:574,62,0,0
BRDA:574,62,1,0
BRDA:574,63,0,0
BRDA:574,63,1,0
BRDA:579,64,0,0
BRDA:579,64,1,0
BRDA:585,65,0,0
BRDA:585,65,1,0
BRF:133
BRH:0
end_of_record
TN:
SF:D:\workspace\boost\github\Orange-Boosted-Bootstrap-v4-stable\js\src\o-megamenu.js
FN:13,(anonymous_0)
FN:57,(anonymous_1)
FN:75,(anonymous_2)
FN:83,(anonymous_3)
FN:84,(anonymous_4)
FN:85,(anonymous_5)
FN:86,(anonymous_6)
FN:90,(anonymous_7)
FN:93,(anonymous_8)
FN:105,(anonymous_9)
FN:135,(anonymous_10)
FN:180,(anonymous_11)
FN:190,(anonymous_12)
FN:218,(anonymous_13)
FN:222,(anonymous_14)
FN:229,(anonymous_15)
FN:275,(anonymous_16)
FN:283,(anonymous_17)
FN:319,(anonymous_18)
FN:330,(anonymous_19)
FN:331,(anonymous_20)
FN:371,(anonymous_21)
FNF:22
FNH:1
FNDA:1,(anonymous_0)
FNDA:0,(anonymous_1)
FNDA:0,(anonymous_2)
FNDA:0,(anonymous_3)
FNDA:0,(anonymous_4)
FNDA:0,(anonymous_5)
FNDA:0,(anonymous_6)
FNDA:0,(anonymous_7)
FNDA:0,(anonymous_8)
FNDA:0,(anonymous_9)
FNDA:0,(anonymous_10)
FNDA:0,(anonymous_11)
FNDA:0,(anonymous_12)
FNDA:0,(anonymous_13)
FNDA:0,(anonymous_14)
FNDA:0,(anonymous_15)
FNDA:0,(anonymous_16)
FNDA:0,(anonymous_17)
FNDA:0,(anonymous_18)
FNDA:0,(anonymous_19)
FNDA:0,(anonymous_20)
FNDA:0,(anonymous_21)
DA:13,1
DA:20,1
DA:21,1
DA:22,1
DA:23,1
DA:24,1
DA:25,1
DA:26,1
DA:27,1
DA:28,1
DA:29,1
DA:30,1
DA:32,1
DA:36,1
DA:58,0
DA:59,0
DA:60,0
DA:61,0
DA:62,0
DA:63,0
DA:64,0
DA:65,0
DA:66,0
DA:68,0
DA:69,0
DA:70,0
DA:76,0
DA:84,0
DA:85,0
DA:86,0
DA:87,0
DA:88,0
DA:90,0
DA:94,0
DA:96,0
DA:97,0
DA:98,0
DA:99,0
DA:100,0
DA:103,0
DA:105,0
DA:106,0
DA:107,0
DA:108,0
DA:109,0
DA:110,0
DA:111,0
DA:113,0
DA:114,0
DA:117,0
DA:121,0
DA:127,0
DA:136,0
DA:137,0
DA:140,0
DA:141,0
DA:142,0
DA:143,0
DA:144,0
DA:145,0
DA:147,0
DA:150,0
DA:151,0
DA:152,0
DA:153,0
DA:154,0
DA:156,0
DA:157,0
DA:160,0
DA:163,0
DA:170,0
DA:171,0
DA:173,0
DA:175,0
DA:180,0
DA:181,0
DA:183,0
DA:186,0
DA:191,0
DA:194,0
DA:195,0
DA:199,0
DA:201,0
DA:202,0
DA:204,0
DA:205,0
DA:208,0
DA:209,0
DA:212,0
DA:213,0
DA:219,0
DA:223,0
DA:224,0
DA:226,0
DA:230,0
DA:231,0
DA:232,0
DA:233,0
DA:234,0
DA:235,0
DA:236,0
DA:237,0
DA:238,0
DA:240,0
DA:241,0
DA:244,0
DA:247,0
DA:250,0
DA:253,0
DA:256,0
DA:257,0
DA:262,0
DA:266,0
DA:272,0
DA:275,0
DA:276,0
DA:277,0
DA:278,0
DA:280,0
DA:284,0
DA:286,0
DA:287,0
DA:288,0
DA:289,0
DA:290,0
DA:291,0
DA:292,0
DA:293,0
DA:295,0
DA:296,0
DA:299,0
DA:302,0
DA:306,0
DA:308,0
DA:309,0
DA:316,0
DA:319,0
DA:320,0
DA:321,0
DA:322,0
DA:323,0
DA:325,0
DA:331,0
DA:332,0
DA:334,0
DA:335,0
DA:338,0
DA:339,0
DA:340,0
DA:342,0
DA:345,0
DA:347,0
DA:348,0
DA:349,0
DA:352,0
DA:353,0
DA:354,0
DA:357,0
DA:369,1
DA:370,1
DA:371,1
DA:372,0
DA:373,0
DA:376,1
LF:164
LH:18
BRDA:65,0,0,0
BRDA:65,0,1,0
BRDA:87,1,0,0
BRDA:87,1,1,0
BRDA:113,2,0,0
BRDA:113,2,1,0
BRDA:136,3,0,0
BRDA:136,3,1,0
BRDA:150,4,0,0
BRDA:150,4,1,0
BRDA:171,5,0,0
BRDA:171,5,1,0
BRDA:181,6,0,0
BRDA:181,6,1,0
BRDA:194,7,0,0
BRDA:194,7,1,0
BRDA:199,8,0,0
BRDA:199,8,1,0
BRDA:199,8,2,0
BRDA:199,8,3,0
BRDA:199,8,4,0
BRDA:240,9,0,0
BRDA:240,9,1,0
BRDA:240,10,0,0
BRDA:240,10,1,0
BRDA:256,11,0,0
BRDA:256,11,1,0
BRDA:295,12,0,0
BRDA:295,12,1,0
BRDA:295,13,0,0
BRDA:295,13,1,0
BRDA:306,14,0,0
BRDA:306,14,1,0
BRDA:334,15,0,0
BRDA:334,15,1,0
BRDA:338,16,0,0
BRDA:338,16,1,0
BRDA:340,17,0,0
BRDA:340,17,1,0
BRDA:340,18,0,0
BRDA:340,18,1,0
BRDA:347,19,0,0
BRDA:347,19,1,0
BRDA:352,20,0,0
BRDA:352,20,1,0
BRDA:353,21,0,0
BRDA:353,21,1,0
BRDA:353,22,0,0
BRDA:353,22,1,0
BRF:49
BRH:0
end_of_record
TN:
SF:D:\workspace\boost\github\Orange-Boosted-Bootstrap-v4-stable\js\src\o-navbar.js
FN:12,(anonymous_0)
FN:48,(anonymous_1)
FN:62,(anonymous_2)
FN:73,(anonymous_3)
FN:91,(anonymous_4)
FN:95,(anonymous_5)
FN:101,(anonymous_6)
FN:107,(anonymous_7)
FN:113,(anonymous_8)
FN:114,(anonymous_9)
FN:147,(anonymous_10)
FNF:11
FNH:1
FNDA:1,(anonymous_0)
FNDA:0,(anonymous_1)
FNDA:0,(anonymous_2)
FNDA:0,(anonymous_3)
FNDA:0,(anonymous_4)
FNDA:0,(anonymous_5)
FNDA:0,(anonymous_6)
FNDA:0,(anonymous_7)
FNDA:0,(anonymous_8)
FNDA:0,(anonymous_9)
FNDA:0,(anonymous_10)
DA:12,1
DA:19,1
DA:20,1
DA:21,1
DA:22,1
DA:23,1
DA:25,1
DA:30,1
DA:35,1
DA:49,0
DA:50,0
DA:51,0
DA:52,0
DA:53,0
DA:55,0
DA:57,0
DA:58,0
DA:59,0
DA:60,0
DA:62,0
DA:63,0
DA:64,0
DA:65,0
DA:67,0
DA:72,0
DA:73,0
DA:74,0
DA:75,0
DA:78,0
DA:80,0
DA:81,0
DA:83,0
DA:92,0
DA:96,0
DA:102,0
DA:103,0
DA:104,0
DA:108,0
DA:114,0
DA:115,0
DA:116,0
DA:117,0
DA:124,0
DA:125,0
DA:126,0
DA:129,0
DA:130,0
DA:131,0
DA:133,0
DA:145,1
DA:146,1
DA:147,1
DA:148,0
DA:149,0
DA:152,1
LF:55
LH:13
BRDA:57,0,0,0
BRDA:57,0,1,0
BRDA:64,1,0,0
BRDA:64,1,1,0
BRDA:72,2,0,0
BRDA:72,2,1,0
BRDA:74,3,0,0
BRDA:74,3,1,0
BRDA:80,4,0,0
BRDA:80,4,1,0
BRDA:121,5,0,0
BRDA:121,5,1,0
BRDA:124,6,0,0
BRDA:124,6,1,0
BRDA:129,7,0,0
BRDA:129,7,1,0
BRDA:130,8,0,0
BRDA:130,8,1,0
BRF:18
BRH:0
end_of_record
TN:
SF:D:\workspace\boost\github\Orange-Boosted-Bootstrap-v4-stable\js\src\o-priority-nav.js
FN:10,(anonymous_0)
FN:43,MenuTemplate
FN:60,(anonymous_2)
FN:77,(anonymous_3)
FN:85,(anonymous_4)
FN:96,(anonymous_5)
FN:109,(anonymous_6)
FN:160,(anonymous_7)
FN:167,(anonymous_8)
FN:168,(anonymous_9)
FN:171,(anonymous_10)
FN:178,(anonymous_11)
FN:187,(anonymous_12)
FN:188,(anonymous_13)
FN:215,(anonymous_14)
FNF:15
FNH:1
FNDA:1,(anonymous_0)
FNDA:0,MenuTemplate
FNDA:0,(anonymous_2)
FNDA:0,(anonymous_3)
FNDA:0,(anonymous_4)
FNDA:0,(anonymous_5)
FNDA:0,(anonymous_6)
FNDA:0,(anonymous_7)
FNDA:0,(anonymous_8)
FNDA:0,(anonymous_9)
FNDA:0,(anonymous_10)
FNDA:0,(anonymous_11)
FNDA:0,(anonymous_12)
FNDA:0,(anonymous_13)
FNDA:0,(anonymous_14)
DA:10,1
DA:17,1
DA:18,1
DA:19,1
DA:20,1
DA:21,1
DA:22,1
DA:24,1
DA:29,1
DA:35,1
DA:41,1
DA:44,0
DA:61,0
DA:62,0
DA:64,0
DA:65,0
DA:67,0
DA:69,0
DA:70,0
DA:71,0
DA:72,0
DA:78,0
DA:86,0
DA:88,0
DA:89,0
DA:93,0
DA:97,0
DA:100,0
DA:103,0
DA:106,0
DA:109,0
DA:110,0
DA:113,0
DA:115,0
DA:117,0
DA:120,0
DA:121,0
DA:122,0
DA:127,0
DA:129,0
DA:132,0
DA:133,0
DA:136,0
DA:139,0
DA:142,0
DA:145,0
DA:146,0
DA:147,0
DA:149,0
DA:150,0
DA:152,0
DA:157,0
DA:161,0
DA:162,0
DA:163,0
DA:164,0
DA:168,0
DA:169,0
DA:171,0
DA:172,0
DA:173,0
DA:174,0
DA:178,0
DA:179,0
DA:180,0
DA:188,0
DA:189,0
DA:191,0
DA:193,0
DA:194,0
DA:195,0
DA:198,0
DA:199,0
DA:200,0
DA:213,1
DA:214,1
DA:215,1
DA:216,0
DA:217,0
DA:220,1
LF:80
LH:15
BRDA:64,0,0,0
BRDA:64,0,1,0
BRDA:88,1,0,0
BRDA:88,1,1,0
BRDA:115,2,0,0
BRDA:115,2,1,0
BRDA:120,3,0,0
BRDA:120,3,1,0
BRDA:127,4,0,0
BRDA:127,4,1,0
BRDA:145,5,0,0
BRDA:145,5,1,0
BRDA:179,6,0,0
BRDA:179,6,1,0
BRDA:193,7,0,0
BRDA:193,7,1,0
BRDA:198,8,0,0
BRDA:198,8,1,0
BRDA:198,9,0,0
BRDA:198,9,1,0
BRDA:199,10,0,0
BRDA:199,10,1,0
BRF:22
BRH:0
end_of_record
TN:
SF:D:\workspace\boost\github\Orange-Boosted-Bootstrap-v4-stable\js\src\o-scroll-up.js
FN:10,(anonymous_0)
FN:55,(anonymous_1)
FN:68,(anonymous_2)
FN:72,(anonymous_3)
FN:79,(anonymous_4)
FN:90,(anonymous_5)
FN:98,(anonymous_6)
FN:102,(anonymous_7)
FN:114,(anonymous_8)
FN:115,(anonymous_9)
FN:132,(anonymous_10)
FN:149,(anonymous_11)
FNF:12
FNH:2
FNDA:1,(anonymous_0)
FNDA:0,(anonymous_1)
FNDA:0,(anonymous_2)
FNDA:0,(anonymous_3)
FNDA:0,(anonymous_4)
FNDA:0,(anonymous_5)
FNDA:0,(anonymous_6)
FNDA:0,(anonymous_7)
FNDA:0,(anonymous_8)
FNDA:0,(anonymous_9)
FNDA:1,(anonymous_10)
FNDA:0,(anonymous_11)
DA:10,1
DA:17,1
DA:18,1
DA:19,1
DA:20,1
DA:21,1
DA:22,1
DA:24,1
DA:27,1
DA:33,1
DA:39,1
DA:43,1
DA:56,0
DA:57,0
DA:59,0
DA:60,0
DA:62,0
DA:69,0
DA:73,0
DA:80,0
DA:81,0
DA:83,0
DA:84,0
DA:91,0
DA:92,0
DA:94,0
DA:99,0
DA:103,0
DA:104,0
DA:108,0
DA:115,0
DA:116,0
DA:117,0
DA:118,0
DA:119,0
DA:132,1
DA:133,1
DA:134,1
DA:135,0
DA:136,0
DA:147,1
DA:148,1
DA:149,1
DA:150,0
DA:151,0
DA:154,1
LF:46
LH:19
BRDA:91,0,0,0
BRDA:91,0,1,0
BRDA:103,1,0,0
BRDA:103,1,1,0
BRDA:117,2,0,0
BRDA:117,2,1,0
BRF:6
BRH:0
end_of_record
TN:
SF:D:\workspace\boost\github\Orange-Boosted-Bootstrap-v4-stable\js\src\o-tab.js
FN:11,(anonymous_0)
FN:49,(anonymous_1)
FN:61,(anonymous_2)
FN:67,(anonymous_3)
FN:85,(anonymous_4)
FN:111,(anonymous_5)
FN:112,(anonymous_6)
FN:144,(anonymous_7)
FN:147,(anonymous_8)
FN:160,(anonymous_9)
FNF:10
FNH:3
FNDA:1,(anonymous_0)
FNDA:0,(anonymous_1)
FNDA:0,(anonymous_2)
FNDA:0,(anonymous_3)
FNDA:0,(anonymous_4)
FNDA:1,(anonymous_5)
FNDA:0,(anonymous_6)
FNDA:1,(anonymous_7)
FNDA:0,(anonymous_8)
FNDA:0,(anonymous_9)
DA:11,1
DA:18,1
DA:19,1
DA:20,1
DA:21,1
DA:22,1
DA:23,1
DA:24,1
DA:26,1
DA:30,1
DA:36,1
DA:50,0
DA:51,0
DA:53,0
DA:54,0
DA:62,0
DA:68,0
DA:70,0
DA:71,0
DA:75,0
DA:77,0
DA:79,0
DA:81,0
DA:86,0
DA:87,0
DA:89,0
DA:90,0
DA:92,0
DA:96,0
DA:102,0
DA:103,0
DA:105,0
DA:112,1
DA:113,0
DA:114,0
DA:116,0
DA:117,0
DA:118,0
DA:122,0
DA:123,0
DA:127,0
DA:128,0
DA:129,0
DA:131,0
DA:143,1
DA:145,1
DA:148,0
DA:149,0
DA:158,1
DA:159,1
DA:160,1
DA:161,0
DA:162,0
DA:165,1
LF:54
LH:18
BRDA:53,0,0,0
BRDA:53,0,1,0
BRDA:70,1,0,0
BRDA:70,1,1,0
BRDA:102,2,0,0
BRDA:102,2,1,0
BRDA:116,3,0,0
BRDA:116,3,1,0
BRDA:122,4,0,0
BRDA:122,4,1,0
BRDA:127,5,0,0
BRDA:127,5,1,0
BRDA:128,6,0,0
BRDA:128,6,1,0
BRF:14
BRH:0
end_of_record
TN:
SF:D:\workspace\boost\github\Orange-Boosted-Bootstrap-v4-stable\js\src\popover.js
FN:11,(anonymous_0)
FN:74,(anonymous_1)
FN:78,(anonymous_2)
FN:82,(anonymous_3)
FN:86,(anonymous_4)
FN:90,(anonymous_5)
FN:94,(anonymous_6)
FN:98,(anonymous_7)
FN:104,(anonymous_8)
FN:108,(anonymous_9)
FN:112,(anonymous_10)
FN:117,(anonymous_11)
FN:133,(anonymous_12)
FN:138,(anonymous_13)
FN:148,(anonymous_14)
FN:149,(anonymous_15)
FN:180,(anonymous_16)
FNF:17
FNH:1
FNDA:1,(anonymous_0)
FNDA:0,(anonymous_1)
FNDA:0,(anonymous_2)
FNDA:0,(anonymous_3)
FNDA:0,(anonymous_4)
FNDA:0,(anonymous_5)
FNDA:0,(anonymous_6)
FNDA:0,(anonymous_7)
FNDA:0,(anonymous_8)
FNDA:0,(anonymous_9)
FNDA:0,(anonymous_10)
FNDA:0,(anonymous_11)
FNDA:0,(anonymous_12)
FNDA:0,(anonymous_13)
FNDA:0,(anonymous_14)
FNDA:0,(anonymous_15)
FNDA:0,(anonymous_16)
DA:11,1
DA:18,1
DA:19,1
DA:20,1
DA:21,1
DA:22,1
DA:23,1
DA:24,1
DA:26,1
DA:37,1
DA:42,1
DA:47,1
DA:52,1
DA:75,0
DA:79,0
DA:83,0
DA:87,0
DA:91,0
DA:95,0
DA:99,0
DA:105,0
DA:109,0
DA:113,0
DA:114,0
DA:118,0
DA:121,0
DA:122,0
DA:123,0
DA:124,0
DA:126,0
DA:128,0
DA:134,0
DA:139,0
DA:140,0
DA:141,0
DA:142,0
DA:149,0
DA:150,0
DA:151,0
DA:153,0
DA:154,0
DA:157,0
DA:158,0
DA:159,0
DA:162,0
DA:163,0
DA:164,0
DA:166,0
DA:178,1
DA:179,1
DA:180,1
DA:181,0
DA:182,0
DA:185,1
LF:54
LH:17
BRDA:105,0,0,0
BRDA:105,0,1,0
BRDA:113,1,0,0
BRDA:113,1,1,0
BRDA:123,2,0,0
BRDA:123,2,1,0
BRDA:134,3,0,0
BRDA:134,3,1,0
BRDA:141,4,0,0
BRDA:141,4,1,0
BRDA:141,5,0,0
BRDA:141,5,1,0
BRDA:151,6,0,0
BRDA:151,6,1,0
BRDA:153,7,0,0
BRDA:153,7,1,0
BRDA:153,8,0,0
BRDA:153,8,1,0
BRDA:157,9,0,0
BRDA:157,9,1,0
BRDA:162,10,0,0
BRDA:162,10,1,0
BRDA:163,11,0,0
BRDA:163,11,1,0
BRF:24
BRH:0
end_of_record
TN:
SF:D:\workspace\boost\github\Orange-Boosted-Bootstrap-v4-stable\js\src\scrollspy.js
FN:11,(anonymous_0)
FN:73,(anonymous_1)
FN:85,(anonymous_2)
FN:93,(anonymous_3)
FN:97,(anonymous_4)
FN:103,(anonymous_5)
FN:121,(anonymous_6)
FN:141,(anonymous_7)
FN:142,(anonymous_8)
FN:143,(anonymous_9)
FN:149,(anonymous_10)
FN:165,(anonymous_11)
FN:185,(anonymous_12)
FN:190,(anonymous_13)
FN:197,(anonymous_14)
FN:202,(anonymous_15)
FN:240,(anonymous_16)
FN:247,(anonymous_17)
FN:272,(anonymous_18)
FN:278,(anonymous_19)
FN:279,(anonymous_20)
FN:304,(anonymous_21)
FN:321,(anonymous_22)
FNF:23
FNH:2
FNDA:1,(anonymous_0)
FNDA:0,(anonymous_1)
FNDA:0,(anonymous_2)
FNDA:0,(anonymous_3)
FNDA:0,(anonymous_4)
FNDA:0,(anonymous_5)
FNDA:0,(anonymous_6)
FNDA:0,(anonymous_7)
FNDA:0,(anonymous_8)
FNDA:0,(anonymous_9)
FNDA:0,(anonymous_10)
FNDA:0,(anonymous_11)
FNDA:0,(anonymous_12)
FNDA:0,(anonymous_13)
FNDA:0,(anonymous_14)
FNDA:0,(anonymous_15)
FNDA:0,(anonymous_16)
FNDA:0,(anonymous_17)
FNDA:0,(anonymous_18)
FNDA:0,(anonymous_19)
FNDA:0,(anonymous_20)
FNDA:1,(anonymous_21)
FNDA:0,(anonymous_22)
DA:11,1
DA:18,1
DA:19,1
DA:20,1
DA:21,1
DA:22,1
DA:23,1
DA:25,1
DA:31,1
DA:37,1
DA:43,1
DA:49,1
DA:61,1
DA:74,0
DA:75,0
DA:76,0
DA:77,0
DA:80,0
DA:81,0
DA:82,0
DA:83,0
DA:85,0
DA:87,0
DA:88,0
DA:94,0
DA:98,0
DA:104,0
DA:107,0
DA:110,0
DA:113,0
DA:114,0
DA:116,0
DA:118,0
DA:120,0
DA:123,0
DA:125,0
DA:126,0
DA:129,0
DA:130,0
DA:131,0
DA:133,0
DA:139,0
DA:141,0
DA:142,0
DA:144,0
DA:145,0
DA:150,0
DA:151,0
DA:153,0
DA:154,0
DA:155,0
DA:156,0
DA:157,0
DA:158,0
DA:159,0
DA:160,0
DA:166,0
DA:171,0
DA:172,0
DA:173,0
DA:174,0
DA:175,0
DA:177,0
DA:180,0
DA:182,0
DA:186,0
DA:191,0
DA:198,0
DA:203,0
DA:204,0
DA:205,0
DA:209,0
DA:210,0
DA:213,0
DA:214,0
DA:216,0
DA:217,0
DA:219,0
DA:222,0
DA:223,0
DA:224,0
DA:225,0
DA:228,0
DA:229,0
DA:234,0
DA:235,0
DA:241,0
DA:243,0
DA:245,0
DA:247,0
DA:248,0
DA:252,0
DA:254,0
DA:255,0
DA:256,0
DA:259,0
DA:262,0
DA:264,0
DA:267,0
DA:273,0
DA:279,0
DA:280,0
DA:281,0
DA:283,0
DA:284,0
DA:285,0
DA:288,0
DA:289,0
DA:290,0
DA:292,0
DA:304,1
DA:305,1
DA:307,1
DA:308,0
DA:309,0
DA:319,1
DA:320,1
DA:321,1
DA:322,0
DA:323,0
DA:326,1
LF:121
LH:20
BRDA:75,0,0,0
BRDA:75,0,1,0
BRDA:104,1,0,0
BRDA:104,1,1,0
BRDA:107,2,0,0
BRDA:107,2,1,0
BRDA:110,3,0,0
BRDA:110,3,1,0
BRDA:125,4,0,0
BRDA:125,4,1,0
BRDA:129,5,0,0
BRDA:129,5,1,0
BRDA:131,6,0,0
BRDA:131,6,1,0
BRDA:131,7,0,0
BRDA:131,7,1,0
BRDA:171,8,0,0
BRDA:171,8,1,0
BRDA:173,9,0,0
BRDA:173,9,1,0
BRDA:186,10,0,0
BRDA:186,10,1,0
BRDA:191,11,0,0
BRDA:191,11,1,0
BRDA:198,12,0,0
BRDA:198,12,1,0
BRDA:209,13,0,0
BRDA:209,13,1,0
BRDA:213,14,0,0
BRDA:213,14,1,0
BRDA:216,15,0,0
BRDA:216,15,1,0
BRDA:222,16,0,0
BRDA:222,16,1,0
BRDA:222,17,0,0
BRDA:222,17,1,0
BRDA:222,17,2,0
BRDA:229,18,0,0
BRDA:229,18,1,0
BRDA:229,18,2,0
BRDA:229,18,3,0
BRDA:234,19,0,0
BRDA:234,19,1,0
BRDA:254,20,0,0
BRDA:254,20,1,0
BRDA:281,21,0,0
BRDA:281,21,1,0
BRDA:283,22,0,0
BRDA:283,22,1,0
BRDA:288,23,0,0
BRDA:288,23,1,0
BRDA:289,24,0,0
BRDA:289,24,1,0
BRF:53
BRH:0
end_of_record
TN:
SF:D:\workspace\boost\github\Orange-Boosted-Bootstrap-v4-stable\js\src\tab.js
FN:11,(anonymous_0)
FN:68,(anonymous_1)
FN:75,(anonymous_2)
FN:81,(anonymous_3)
FN:128,(anonymous_4)
FN:148,(anonymous_5)
FN:155,(anonymous_6)
FN:168,(anonymous_7)
FN:194,(anonymous_8)
FN:245,(anonymous_9)
FN:298,(anonymous_10)
FN:331,(anonymous_11)
FN:332,(anonymous_12)
FN:364,(anonymous_13)
FN:369,(anonymous_14)
FN:376,(anonymous_15)
FN:388,(anonymous_16)
FNF:17
FNH:3
FNDA:1,(anonymous_0)
FNDA:0,(anonymous_1)
FNDA:0,(anonymous_2)
FNDA:0,(anonymous_3)
FNDA:0,(anonymous_4)
FNDA:0,(anonymous_5)
FNDA:0,(anonymous_6)
FNDA:0,(anonymous_7)
FNDA:0,(anonymous_8)
FNDA:0,(anonymous_9)
FNDA:0,(anonymous_10)
FNDA:1,(anonymous_11)
FNDA:0,(anonymous_12)
FNDA:0,(anonymous_13)
FNDA:0,(anonymous_14)
FNDA:1,(anonymous_15)
FNDA:0,(anonymous_16)
DA:11,1
DA:18,1
DA:19,1
DA:20,1
DA:21,1
DA:22,1
DA:23,1
DA:24,1
DA:26,1
DA:27,1
DA:28,1
DA:29,1
DA:30,1
DA:33,1
DA:42,1
DA:50,1
DA:69,0
DA:70,0
DA:76,0
DA:82,0
DA:86,0
DA:91,0
DA:92,0
DA:94,0
DA:95,0
DA:96,0
DA:97,0
DA:100,0
DA:104,0
DA:108,0
DA:109,0
DA:112,0
DA:114,0
DA:116,0
DA:119,0
DA:120,0
DA:123,0
DA:128,0
DA:129,0
DA:133,0
DA:137,0
DA:138,0
DA:141,0
DA:142,0
DA:144,0
DA:149,0
DA:150,0
DA:157,0
DA:158,0
DA:160,0
DA:163,0
DA:164,0
DA:168,0
DA:175,0
DA:179,0
DA:185,0
DA:186,0
DA:190,0
DA:195,0
DA:196,0
DA:198,0
DA:202,0
DA:203,0
DA:206,0
DA:207,0
DA:211,0
DA:212,0
DA:213,0
DA:216,0
DA:220,0
DA:226,0
DA:227,0
DA:229,0
DA:231,0
DA:232,0
DA:233,0
DA:236,0
DA:239,0
DA:240,0
DA:246,0
DA:247,0
DA:248,0
DA:249,0
DA:251,0
DA:253,0
DA:254,0
DA:255,0
DA:259,0
DA:260,0
DA:265,0
DA:266,0
DA:269,0
DA:276,0
DA:281,0
DA:282,0
DA:285,0
DA:299,0
DA:300,0
DA:301,0
DA:303,0
DA:305,0
DA:307,0
DA:308,0
DA:310,0
DA:311,0
DA:314,0
DA:315,0
DA:317,0
DA:318,0
DA:320,0
DA:322,0
DA:323,0
DA:326,0
DA:327,0
DA:332,1
DA:333,0
DA:334,0
DA:336,0
DA:337,0
DA:338,0
DA:342,0
DA:343,0
DA:347,0
DA:348,0
DA:349,0
DA:351,0
DA:363,1
DA:365,0
DA:366,0
DA:370,0
DA:371,0
DA:373,0
DA:374,0
DA:377,1
DA:386,1
DA:387,1
DA:388,1
DA:389,0
DA:390,0
DA:393,1
LF:140
LH:23
BRDA:82,0,0,0
BRDA:82,0,1,0
BRDA:82,1,0,0
BRDA:82,1,1,0
BRDA:82,1,2,0
BRDA:82,1,3,0
BRDA:94,2,0,0
BRDA:94,2,1,0
BRDA:95,3,0,0
BRDA:95,3,1,0
BRDA:108,4,0,0
BRDA:108,4,1,0
BRDA:114,5,0,0
BRDA:114,5,1,0
BRDA:114,6,0,0
BRDA:114,6,1,0
BRDA:119,7,0,0
BRDA:119,7,1,0
BRDA:141,8,0,0
BRDA:141,8,1,0
BRDA:157,9,0,0
BRDA:157,9,1,0
BRDA:164,10,0,0
BRDA:164,10,1,0
BRDA:164,10,2,0
BRDA:164,10,3,0
BRDA:185,11,0,0
BRDA:185,11,1,0
BRDA:185,12,0,0
BRDA:185,12,1,0
BRDA:195,13,0,0
BRDA:195,13,1,0
BRDA:202,14,0,0
BRDA:202,14,1,0
BRDA:206,15,0,0
BRDA:206,15,1,0
BRDA:212,16,0,0
BRDA:212,16,1,0
BRDA:229,17,0,0
BRDA:229,17,1,0
BRDA:229,18,0,0
BRDA:229,18,1,0
BRDA:232,19,0,0
BRDA:232,19,1,0
BRDA:239,20,0,0
BRDA:239,20,1,0
BRDA:249,21,0,0
BRDA:249,21,1,0
BRDA:253,22,0,0
BRDA:253,22,1,0
BRDA:259,23,0,0
BRDA:259,23,1,0
BRDA:265,24,0,0
BRDA:265,24,1,0
BRDA:281,25,0,0
BRDA:281,25,1,0
BRDA:301,26,0,0
BRDA:301,26,1,0
BRDA:307,27,0,0
BRDA:307,27,1,0
BRDA:307,28,0,0
BRDA:307,28,1,0
BRDA:310,29,0,0
BRDA:310,29,1,0
BRDA:310,30,0,0
BRDA:310,30,1,0
BRDA:314,31,0,0
BRDA:314,31,1,0
BRDA:317,32,0,0
BRDA:317,32,1,0
BRDA:322,33,0,0
BRDA:322,33,1,0
BRDA:336,34,0,0
BRDA:336,34,1,0
BRDA:342,35,0,0
BRDA:342,35,1,0
BRDA:347,36,0,0
BRDA:347,36,1,0
BRDA:348,37,0,0
BRDA:348,37,1,0
BRDA:370,38,0,0
BRDA:370,38,1,0
BRF:82
BRH:0
end_of_record
TN:
SF:D:\workspace\boost\github\Orange-Boosted-Bootstrap-v4-stable\js\src\tooltip.js
FN:12,(anonymous_0)
FN:112,(anonymous_1)
FN:138,(anonymous_2)
FN:142,(anonymous_3)
FN:146,(anonymous_4)
FN:150,(anonymous_5)
FN:154,(anonymous_6)
FN:158,(anonymous_7)
FN:162,(anonymous_8)
FN:168,(anonymous_9)
FN:172,(anonymous_10)
FN:176,(anonymous_11)
FN:180,(anonymous_12)
FN:214,(anonymous_13)
FN:240,(anonymous_14)
FN:303,(anonymous_15)
FN:308,(anonymous_16)
FN:323,(anonymous_17)
FN:347,(anonymous_18)
FN:350,(anonymous_19)
FN:397,(anonymous_20)
FN:405,(anonymous_21)
FN:409,(anonymous_22)
FN:413,(anonymous_23)
FN:418,(anonymous_24)
FN:424,(anonymous_25)
FN:440,(anonymous_26)
FN:454,(anonymous_27)
FN:458,(anonymous_28)
FN:461,(anonymous_29)
FN:466,(anonymous_30)
FN:480,(anonymous_31)
FN:485,(anonymous_32)
FN:491,(anonymous_33)
FN:506,(anonymous_34)
FN:518,(anonymous_35)
FN:552,(anonymous_36)
FN:559,(anonymous_37)
FN:591,(anonymous_38)
FN:598,(anonymous_39)
FN:608,(anonymous_40)
FN:639,(anonymous_41)
FN:653,(anonymous_42)
FN:661,(anonymous_43)
FN:666,(anonymous_44)
FN:681,(anonymous_45)
FN:682,(anonymous_46)
FN:713,(anonymous_47)
FNF:48
FNH:3
FNDA:1,(anonymous_0)
FNDA:0,(anonymous_1)
FNDA:0,(anonymous_2)
FNDA:1,(anonymous_3)
FNDA:0,(anonymous_4)
FNDA:0,(anonymous_5)
FNDA:0,(anonymous_6)
FNDA:0,(anonymous_7)
FNDA:1,(anonymous_8)
FNDA:0,(anonymous_9)
FNDA:0,(anonymous_10)
FNDA:0,(anonymous_11)
FNDA:0,(anonymous_12)
FNDA:0,(anonymous_13)
FNDA:0,(anonymous_14)
FNDA:0,(anonymous_15)
FNDA:0,(anonymous_16)
FNDA:0,(anonymous_17)
FNDA:0,(anonymous_18)
FNDA:0,(anonymous_19)
FNDA:0,(anonymous_20)
FNDA:0,(anonymous_21)
FNDA:0,(anonymous_22)
FNDA:0,(anonymous_23)
FNDA:0,(anonymous_24)
FNDA:0,(anonymous_25)
FNDA:0,(anonymous_26)
FNDA:0,(anonymous_27)
FNDA:0,(anonymous_28)
FNDA:0,(anonymous_29)
FNDA:0,(anonymous_30)
FNDA:0,(anonymous_31)
FNDA:0,(anonymous_32)
FNDA:0,(anonymous_33)
FNDA:0,(anonymous_34)
FNDA:0,(anonymous_35)
FNDA:0,(anonymous_36)
FNDA:0,(anonymous_37)
FNDA:0,(anonymous_38)
FNDA:0,(anonymous_39)
FNDA:0,(anonymous_40)
FNDA:0,(anonymous_41)
FNDA:0,(anonymous_42)
FNDA:0,(anonymous_43)
FNDA:0,(anonymous_44)
FNDA:0,(anonymous_45)
FNDA:0,(anonymous_46)
FNDA:0,(anonymous_47)
DA:12,1
DA:19,1
DA:20,1
DA:21,1
DA:22,1
DA:23,1
DA:24,1
DA:25,1
DA:26,1
DA:28,1
DA:43,1
DA:51,1
DA:68,1
DA:73,1
DA:86,1
DA:91,1
DA:97,1
DA:117,0
DA:118,0
DA:122,0
DA:123,0
DA:124,0
DA:125,0
DA:126,0
DA:129,0
DA:130,0
DA:131,0
DA:133,0
DA:139,0
DA:143,1
DA:147,0
DA:151,0
DA:155,0
DA:159,0
DA:163,1
DA:169,0
DA:173,0
DA:177,0
DA:181,0
DA:182,0
DA:185,0
DA:186,0
DA:187,0
DA:189,0
DA:190,0
DA:194,0
DA:197,0
DA:199,0
DA:200,0
DA:202,0
DA:205,0
DA:206,0
DA:207,0
DA:210,0
DA:215,0
DA:217,0
DA:219,0
DA:220,0
DA:222,0
DA:223,0
DA:226,0
DA:227,0
DA:228,0
DA:229,0
DA:230,0
DA:231,0
DA:234,0
DA:235,0
DA:236,0
DA:237,0
DA:241,0
DA:242,0
DA:245,0
DA:246,0
DA:247,0
DA:249,0
DA:254,0
DA:255,0
DA:258,0
DA:259,0
DA:261,0
DA:262,0
DA:264,0
DA:266,0
DA:267,0
DA:270,0
DA:274,0
DA:275,0
DA:277,0
DA:279,0
DA:281,0
DA:282,0
DA:285,0
DA:287,0
DA:304,0
DA:305,0
DA:309,0
DA:313,0
DA:319,0
DA:320,0
DA:323,0
DA:324,0
DA:325,0
DA:327,0
DA:328,0
DA:330,0
DA:332,0
DA:333,0
DA:337,0
DA:338,0
DA:342,0
DA:348,0
DA:349,0
DA:350,0
DA:351,0
DA:352,0
DA:355,0
DA:356,0
DA:357,0
DA:358,0
DA:359,0
DA:362,0
DA:363,0
DA:367,0
DA:369,0
DA:370,0
DA:373,0
DA:377,0
DA:378,0
DA:381,0
DA:382,0
DA:383,0
DA:385,0
DA:387,0
DA:391,0
DA:394,0
DA:398,0
DA:399,0
DA:406,0
DA:410,0
DA:414,0
DA:415,0
DA:419,0
DA:420,0
DA:421,0
DA:425,0
DA:426,0
DA:428,0
DA:429,0
DA:430,0
DA:433,0
DA:436,0
DA:441,0
DA:443,0
DA:444,0
DA:449,0
DA:455,0
DA:459,0
DA:461,0
DA:462,0
DA:463,0
DA:466,0
DA:468,0
DA:469,0
DA:472,0
DA:476,0
DA:480,0
DA:485,0
DA:489,0
DA:491,0
DA:495,0
DA:496,0
DA:502,0
DA:507,0
DA:508,0
DA:510,0
DA:514,0
DA:519,0
DA:521,0
DA:523,0
DA:524,0
DA:528,0
DA:531,0
DA:532,0
DA:537,0
DA:539,0
DA:540,0
DA:543,0
DA:545,0
DA:547,0
DA:548,0
DA:549,0
DA:552,0
DA:553,0
DA:554,0
DA:560,0
DA:562,0
DA:564,0
DA:565,0
DA:569,0
DA:572,0
DA:573,0
DA:578,0
DA:579,0
DA:582,0
DA:584,0
DA:586,0
DA:587,0
DA:588,0
DA:591,0
DA:592,0
DA:593,0
DA:599,0
DA:600,0
DA:601,0
DA:605,0
DA:609,0
DA:615,0
DA:616,0
DA:622,0
DA:623,0
DA:626,0
DA:627,0
DA:630,0
DA:636,0
DA:640,0
DA:642,0
DA:643,0
DA:644,0
DA:645,0
DA:650,0
DA:654,0
DA:655,0
DA:656,0
DA:657,0
DA:662,0
DA:663,0
DA:667,0
DA:668,0
DA:669,0
DA:670,0
DA:672,0
DA:673,0
DA:674,0
DA:675,0
DA:676,0
DA:682,0
DA:683,0
DA:684,0
DA:686,0
DA:687,0
DA:690,0
DA:691,0
DA:692,0
DA:695,0
DA:696,0
DA:697,0
DA:699,0
DA:711,1
DA:712,1
DA:713,1
DA:714,0
DA:715,0
DA:718,1
LF:264
LH:23
BRDA:117,0,0,0
BRDA:117,0,1,0
BRDA:181,1,0,0
BRDA:181,1,1,0
BRDA:185,2,0,0
BRDA:185,2,1,0
BRDA:189,3,0,0
BRDA:189,3,1,0
BRDA:199,4,0,0
BRDA:199,4,1,0
BRDA:205,5,0,0
BRDA:205,5,1,0
BRDA:222,6,0,0
BRDA:222,6,1,0
BRDA:230,7,0,0
BRDA:230,7,1,0
BRDA:241,8,0,0
BRDA:241,8,1,0
BRDA:246,9,0,0
BRDA:246,9,1,0
BRDA:246,10,0,0
BRDA:246,10,1,0
BRDA:254,11,0,0
BRDA:254,11,1,0
BRDA:254,12,0,0
BRDA:254,12,1,0
BRDA:266,13,0,0
BRDA:266,13,1,0
BRDA:270,14,0,0
BRDA:270,14,1,0
BRDA:277,15,0,0
BRDA:277,15,1,0
BRDA:281,16,0,0
BRDA:281,16,1,0
BRDA:304,17,0,0
BRDA:304,17,1,0
BRDA:319,18,0,0
BRDA:319,18,1,0
BRDA:324,19,0,0
BRDA:324,19,1,0
BRDA:332,20,0,0
BRDA:332,20,1,0
BRDA:337,21,0,0
BRDA:337,21,1,0
BRDA:337,22,0,0
BRDA:337,22,1,0
BRDA:351,23,0,0
BRDA:351,23,1,0
BRDA:351,24,0,0
BRDA:351,24,1,0
BRDA:358,25,0,0
BRDA:358,25,1,0
BRDA:362,26,0,0
BRDA:362,26,1,0
BRDA:369,27,0,0
BRDA:369,27,1,0
BRDA:377,28,0,0
BRDA:377,28,1,0
BRDA:385,29,0,0
BRDA:385,29,1,0
BRDA:385,30,0,0
BRDA:385,30,1,0
BRDA:398,31,0,0
BRDA:398,31,1,0
BRDA:414,32,0,0
BRDA:414,32,1,0
BRDA:426,33,0,0
BRDA:426,33,1,0
BRDA:426,34,0,0
BRDA:426,34,1,0
BRDA:426,34,2,0
BRDA:428,35,0,0
BRDA:428,35,1,0
BRDA:429,36,0,0
BRDA:429,36,1,0
BRDA:436,37,0,0
BRDA:436,37,1,0
BRDA:443,38,0,0
BRDA:443,38,1,0
BRDA:444,39,0,0
BRDA:444,39,1,0
BRDA:462,40,0,0
BRDA:462,40,1,0
BRDA:468,41,0,0
BRDA:468,41,1,0
BRDA:469,42,0,0
BRDA:469,42,1,0
BRDA:472,43,0,0
BRDA:472,43,1,0
BRDA:495,44,0,0
BRDA:495,44,1,0
BRDA:508,45,0,0
BRDA:508,45,1,0
BRDA:508,46,0,0
BRDA:508,46,1,0
BRDA:512,47,0,0
BRDA:512,47,1,0
BRDA:521,48,0,0
BRDA:521,48,1,0
BRDA:523,49,0,0
BRDA:523,49,1,0
BRDA:531,50,0,0
BRDA:531,50,1,0
BRDA:533,51,0,0
BRDA:533,51,1,0
BRDA:537,52,0,0
BRDA:537,52,1,0
BRDA:537,53,0,0
BRDA:537,53,1,0
BRDA:547,54,0,0
BRDA:547,54,1,0
BRDA:547,55,0,0
BRDA:547,55,1,0
BRDA:553,56,0,0
BRDA:553,56,1,0
BRDA:562,57,0,0
BRDA:562,57,1,0
BRDA:564,58,0,0
BRDA:564,58,1,0
BRDA:572,59,0,0
BRDA:572,59,1,0
BRDA:574,60,0,0
BRDA:574,60,1,0
BRDA:578,61,0,0
BRDA:578,61,1,0
BRDA:586,62,0,0
BRDA:586,62,1,0
BRDA:586,63,0,0
BRDA:586,63,1,0
BRDA:592,64,0,0
BRDA:592,64,1,0
BRDA:600,65,0,0
BRDA:600,65,1,0
BRDA:615,66,0,0
BRDA:615,66,1,0
BRDA:622,67,0,0
BRDA:622,67,1,0
BRDA:626,68,0,0
BRDA:626,68,1,0
BRDA:642,69,0,0
BRDA:642,69,1,0
BRDA:644,70,0,0
BRDA:644,70,1,0
BRDA:656,71,0,0
BRDA:656,71,1,0
BRDA:656,72,0,0
BRDA:656,72,1,0
BRDA:669,73,0,0
BRDA:669,73,1,0
BRDA:684,74,0,0
BRDA:684,74,1,0
BRDA:686,75,0,0
BRDA:686,75,1,0
BRDA:686,76,0,0
BRDA:686,76,1,0
BRDA:690,77,0,0
BRDA:690,77,1,0
BRDA:695,78,0,0
BRDA:695,78,1,0
BRDA:696,79,0,0
BRDA:696,79,1,0
BRF:161
BRH:0
end_of_record
TN:
SF:D:\workspace\boost\github\Orange-Boosted-Bootstrap-v4-stable\js\src\util.js
FN:10,(anonymous_0)
FN:22,toType
FN:26,getSpecialTransitionEndEvent
FN:39,transitionEndTest
FN:49,transitionEndEmulator
FN:52,(anonymous_5)
FN:56,(anonymous_6)
FN:65,setTransitionEndSupport
FN:75,escapeId
FNF:9
FNH:4
FNDA:1,(anonymous_0)
FNDA:0,toType
FNDA:0,getSpecialTransitionEndEvent
FNDA:1,transitionEndTest
FNDA:0,transitionEndEmulator
FNDA:0,(anonymous_5)
FNDA:0,(anonymous_6)
FNDA:1,setTransitionEndSupport
FNDA:2,escapeId
DA:10,1
DA:17,1
DA:19,1
DA:23,0
DA:27,0
DA:31,0
DA:32,0
DA:34,0
DA:40,1
DA:41,1
DA:44,0
DA:50,0
DA:52,0
DA:53,0
DA:56,0
DA:57,0
DA:58,0
DA:62,0
DA:66,1
DA:68,1
DA:70,1
DA:71,0
DA:78,2
DA:81,2
DA:90,1
DA:95,0
DA:97,0
DA:99,0
DA:103,3
DA:104,3
DA:105,3
DA:109,3
DA:110,2
DA:113,3
DA:114,3
DA:115,1
DA:117,2
DA:122,0
DA:126,0
DA:130,3
DA:134,0
DA:138,0
DA:139,0
DA:140,0
DA:141,0
DA:142,0
DA:145,0
DA:146,0
DA:156,1
DA:158,1
LF:50
LH:23
BRDA:31,0,0,0
BRDA:31,0,1,0
BRDA:40,1,0,1
BRDA:40,1,1,0
BRDA:40,2,0,1
BRDA:40,2,1,1
BRDA:57,3,0,0
BRDA:57,3,1,0
BRDA:70,4,0,0
BRDA:70,4,1,1
BRDA:78,5,0,2
BRDA:78,5,1,0
BRDA:104,6,0,3
BRDA:104,6,1,0
BRDA:104,7,0,3
BRDA:104,7,1,0
BRDA:105,8,0,3
BRDA:105,8,1,1
BRDA:109,9,0,2
BRDA:109,9,1,1
BRDA:115,10,0,0
BRDA:115,10,1,1
BRDA:134,11,0,0
BRDA:134,11,1,0
BRDA:139,12,0,0
BRDA:139,12,1,0
BRDA:142,13,0,0
BRDA:142,13,1,0
BRDA:142,14,0,0
BRDA:142,14,1,0
BRDA:145,15,0,0
BRDA:145,15,1,0
BRF:32
BRH:12
end_of_record
